Using pre-set license
Built from '2021.3/staging' branch; Version is '2021.3.22f1 (b6c551784ba3) revision 11978065'; Using compiler version '192829333'; Build Type 'Release'
OS: 'Windows 10  (10.0.19045) 64bit Education' Language: 'en' Physical Memory: 16165 MB
BatchMode: 1, IsHumanControllingUs: 0, StartBugReporterOnCrash: 0, Is64bit: 1, IsPro: 1

COMMAND LINE ARGUMENTS:
C:\Program Files\Unity\Hub\Editor\2021.3.22f1\Editor\Unity.exe
-adb2
-batchMode
-noUpm
-name
AssetImportWorker0
-projectPath
C:/Git hub/RowellPrototypes2022
-logFile
Logs/AssetImportWorker0.log
-srvPort
58071
Successfully changed project path to: C:/Git hub/RowellPrototypes2022
C:/Git hub/RowellPrototypes2022
[UnityMemory] Configuration Parameters - Can be set up in boot.config
    "memorysetup-bucket-allocator-granularity=16"
    "memorysetup-bucket-allocator-bucket-count=8"
    "memorysetup-bucket-allocator-block-size=33554432"
    "memorysetup-bucket-allocator-block-count=8"
    "memorysetup-main-allocator-block-size=16777216"
    "memorysetup-thread-allocator-block-size=16777216"
    "memorysetup-gfx-main-allocator-block-size=16777216"
    "memorysetup-gfx-thread-allocator-block-size=16777216"
    "memorysetup-cache-allocator-block-size=4194304"
    "memorysetup-typetree-allocator-block-size=2097152"
    "memorysetup-profiler-bucket-allocator-granularity=16"
    "memorysetup-profiler-bucket-allocator-bucket-count=8"
    "memorysetup-profiler-bucket-allocator-block-size=33554432"
    "memorysetup-profiler-bucket-allocator-block-count=8"
    "memorysetup-profiler-allocator-block-size=16777216"
    "memorysetup-profiler-editor-allocator-block-size=1048576"
    "memorysetup-temp-allocator-size-main=16777216"
    "memorysetup-job-temp-allocator-block-size=2097152"
    "memorysetup-job-temp-allocator-block-size-background=1048576"
    "memorysetup-job-temp-allocator-reduction-small-platforms=262144"
    "memorysetup-temp-allocator-size-background-worker=32768"
    "memorysetup-temp-allocator-size-job-worker=262144"
    "memorysetup-temp-allocator-size-preload-manager=33554432"
    "memorysetup-temp-allocator-size-nav-mesh-worker=65536"
    "memorysetup-temp-allocator-size-audio-worker=65536"
    "memorysetup-temp-allocator-size-cloud-worker=32768"
    "memorysetup-temp-allocator-size-gi-baking-worker=262144"
    "memorysetup-temp-allocator-size-gfx=262144"
Player connection [14036] Host "[IP] 10.171.129.92 [Port] 0 [Flags] 2 [Guid] 1076633073 [EditorId] 1076633073 [Version] 1048832 [Id] WindowsEditor(7,JOHN-R4FP-W022) [Debug] 1 [PackageName] WindowsEditor [ProjectName] Editor" joined multi-casting on [225.0.0.222:54997]...

Player connection [14036] Host "[IP] 10.171.129.92 [Port] 0 [Flags] 2 [Guid] 1076633073 [EditorId] 1076633073 [Version] 1048832 [Id] WindowsEditor(7,JOHN-R4FP-W022) [Debug] 1 [PackageName] WindowsEditor [ProjectName] Editor" joined alternative multi-casting on [225.0.0.222:34997]...

Default GameObject BitMask: UI already registered
Refreshing native plugins compatible for Editor in 67.20 ms, found 3 plugins.
Preloading 0 native plugins for Editor in 0.00 ms.
Initialize engine version: 2021.3.22f1 (b6c551784ba3)
[Subsystems] Discovering subsystems at path C:/Program Files/Unity/Hub/Editor/2021.3.22f1/Editor/Data/Resources/UnitySubsystems
[Subsystems] Discovering subsystems at path C:/Git hub/RowellPrototypes2022/Assets
GfxDevice: creating device client; threaded=0; jobified=0
Direct3D:
    Version:  Direct3D 11.0 [level 11.1]
    Renderer: Intel(R) UHD Graphics 630 (ID=0x3e92)
    Vendor:   Intel
    VRAM:     8082 MB
    Driver:   30.0.101.1692
Initialize mono
Mono path[0] = 'C:/Program Files/Unity/Hub/Editor/2021.3.22f1/Editor/Data/Managed'
Mono path[1] = 'C:/Program Files/Unity/Hub/Editor/2021.3.22f1/Editor/Data/MonoBleedingEdge/lib/mono/unityjit-win32'
Mono config path = 'C:/Program Files/Unity/Hub/Editor/2021.3.22f1/Editor/Data/MonoBleedingEdge/etc'
Using monoOptions --debugger-agent=transport=dt_socket,embedding=1,server=y,suspend=n,address=127.0.0.1:56900
Begin MonoManager ReloadAssembly
Registering precompiled unity dll's ...
Register platform support module: C:/Program Files/Unity/Hub/Editor/2021.3.22f1/Editor/Data/PlaybackEngines/WindowsStandaloneSupport/UnityEditor.WindowsStandalone.Extensions.dll
Register platform support module: C:/Program Files/Unity/Hub/Editor/2021.3.22f1/Editor/Data/PlaybackEngines/MetroSupport/UnityEditor.UWP.Extensions.dll
Registered in 0.007383 seconds.
Native extension for UWP target not found
Native extension for WindowsStandalone target not found
Refreshing native plugins compatible for Editor in 66.64 ms, found 3 plugins.
Preloading 0 native plugins for Editor in 0.00 ms.
Mono: successfully reloaded assembly
- Completed reload, in  0.580 seconds
Domain Reload Profiling:
	ReloadAssembly (581ms)
		BeginReloadAssembly (82ms)
			ExecutionOrderSort (0ms)
			DisableScriptedObjects (0ms)
			BackupInstance (0ms)
			ReleaseScriptingObjects (0ms)
			CreateAndSetChildDomain (1ms)
		EndReloadAssembly (408ms)
			LoadAssemblies (80ms)
			RebuildTransferFunctionScriptingTraits (0ms)
			SetupTypeCache (95ms)
			ReleaseScriptCaches (0ms)
			RebuildScriptCaches (26ms)
			SetupLoadedEditorAssemblies (241ms)
				LogAssemblyErrors (0ms)
				InitializePlatformSupportModulesInManaged (9ms)
				SetLoadedEditorAssemblies (0ms)
				RefreshPlugins (67ms)
				BeforeProcessingInitializeOnLoad (1ms)
				ProcessInitializeOnLoadAttributes (123ms)
				ProcessInitializeOnLoadMethodAttributes (40ms)
				AfterProcessingInitializeOnLoad (0ms)
				EditorAssembliesLoaded (0ms)
			ExecutionOrderSort2 (0ms)
			AwakeInstancesAfterBackupRestoration (0ms)
Platform modules already initialized, skipping
Registering precompiled user dll's ...
Registered in 0.004780 seconds.
Begin MonoManager ReloadAssembly
Symbol file LoadedFromMemory doesn't match image C:\Git hub\RowellPrototypes2022\Library\PackageCache\com.unity.visualscripting@1.8.0\Editor\VisualScripting.Core\Dependencies\YamlDotNet\Unity.VisualScripting.YamlDotNet.dll
Symbol file LoadedFromMemory doesn't match image C:\Git hub\RowellPrototypes2022\Library\PackageCache\com.unity.visualscripting@1.8.0\Editor\VisualScripting.Core\Dependencies\DotNetZip\Unity.VisualScripting.IonicZip.dll
Native extension for UWP target not found
Native extension for WindowsStandalone target not found
Refreshing native plugins compatible for Editor in 0.45 ms, found 3 plugins.
Preloading 0 native plugins for Editor in 0.00 ms.
Mono: successfully reloaded assembly
- Completed reload, in  0.872 seconds
Domain Reload Profiling:
	ReloadAssembly (873ms)
		BeginReloadAssembly (116ms)
			ExecutionOrderSort (0ms)
			DisableScriptedObjects (6ms)
			BackupInstance (0ms)
			ReleaseScriptingObjects (0ms)
			CreateAndSetChildDomain (17ms)
		EndReloadAssembly (660ms)
			LoadAssemblies (88ms)
			RebuildTransferFunctionScriptingTraits (0ms)
			SetupTypeCache (193ms)
			ReleaseScriptCaches (0ms)
			RebuildScriptCaches (46ms)
			SetupLoadedEditorAssemblies (318ms)
				LogAssemblyErrors (0ms)
				InitializePlatformSupportModulesInManaged (6ms)
				SetLoadedEditorAssemblies (0ms)
				RefreshPlugins (0ms)
				BeforeProcessingInitializeOnLoad (68ms)
				ProcessInitializeOnLoadAttributes (214ms)
				ProcessInitializeOnLoadMethodAttributes (22ms)
				AfterProcessingInitializeOnLoad (7ms)
				EditorAssembliesLoaded (0ms)
			ExecutionOrderSort2 (0ms)
			AwakeInstancesAfterBackupRestoration (6ms)
Platform modules already initialized, skipping
========================================================================
Worker process is ready to serve import requests
Default GameObject BitMask: UI already registered
Launched and connected shader compiler UnityShaderCompiler.exe after 0.04 seconds
Refreshing native plugins compatible for Editor in 0.71 ms, found 3 plugins.
Preloading 0 native plugins for Editor in 0.00 ms.
Unloading 3149 Unused Serialized files (Serialized files now loaded: 0)
Unloading 35 unused Assets / (121.7 KB). Loaded Objects now: 3613.
Memory consumption went from 187.3 MB to 187.1 MB.
Total: 2.741700 ms (FindLiveObjects: 0.230600 ms CreateObjectMapping: 0.159100 ms MarkObjects: 2.271600 ms  DeleteObjects: 0.079800 ms)

AssetImportParameters requested are different than current active one (requested -> active):
  custom:video-decoder-ogg-theora: a1e56fd34408186e4bbccfd4996cb3dc -> 
  custom:container-muxer-webm: aa71ff27fc2769a1b78a27578f13a17b -> 
  custom:container-demuxer-webm: 4f35f7cbe854078d1ac9338744f61a02 -> 
  custom:video-encoder-webm-vp8: eb34c28f22e8b96e1ab97ce403110664 -> 
  custom:audio-encoder-webm-vorbis: bf7c407c2cedff20999df2af8eb42d56 -> 
  custom:framework-win-MediaFoundation: 216162199b28c13a410421893ffa2e32 -> 
  custom:container-demuxer-ogg: 62fdf1f143b41e24485cea50d1cbac27 -> 
  custom:video-decoder-webm-vp8: 9c59270c3fd7afecdb556c50c9e8de78 -> 
  custom:audio-decoder-ogg-vorbis: bf7c407c2cedff20999df2af8eb42d56 -> 
========================================================================
Received Import Request.
  Time since last request: 105630.907662 seconds.
  path: Assets/Etra Games/Etra'sStarterAssets/2-Source/Editor
  artifactKey: Guid(b9671544ecacda945a247db6d8bcb0f9) Importer(815301076,1909f56bfc062723c751e8b465ee728b)
Start importing Assets/Etra Games/Etra'sStarterAssets/2-Source/Editor using Guid(b9671544ecacda945a247db6d8bcb0f9) Importer(815301076,1909f56bfc062723c751e8b465ee728b)  -> (artifact id: '50b2d200624b0a35eb0d2cff0154dc8f') in 0.012694 seconds 
========================================================================
Received Import Request.
  Time since last request: 5.602979 seconds.
  path: Assets/Etra Games/Etra'sStarterAssets/2-Source/Scripts
  artifactKey: Guid(55c4484f0aad3fc4f9d4522d5a0fbde7) Importer(815301076,1909f56bfc062723c751e8b465ee728b)
Start importing Assets/Etra Games/Etra'sStarterAssets/2-Source/Scripts using Guid(55c4484f0aad3fc4f9d4522d5a0fbde7) Importer(815301076,1909f56bfc062723c751e8b465ee728b)  -> (artifact id: 'bb431c25a774b19fe4a3668dee6f7dfd') in 0.008259 seconds 
========================================================================
Received Import Request.
  Time since last request: 1.134965 seconds.
  path: Assets/Etra Games/Etra'sStarterAssets/2-Source/Scripts/EtrasResourceGrabbingFunctions.cs
  artifactKey: Guid(9cbc21b229c7254429f6f597db4b4339) Importer(815301076,1909f56bfc062723c751e8b465ee728b)
Start importing Assets/Etra Games/Etra'sStarterAssets/2-Source/Scripts/EtrasResourceGrabbingFunctions.cs using Guid(9cbc21b229c7254429f6f597db4b4339) Importer(815301076,1909f56bfc062723c751e8b465ee728b)  -> (artifact id: '3f4bc33e11ec9fcd9cede9c21d58e40a') in 0.042045 seconds 
========================================================================
Received Import Request.
  Time since last request: 2.398714 seconds.
  path: Assets/Etra Games/Etra'sStarterAssets/2-Source/Scripts/FPS_Item_Cam_Checks.cs
  artifactKey: Guid(0281ce71be5440b40a02e87ee40ba57d) Importer(815301076,1909f56bfc062723c751e8b465ee728b)
Start importing Assets/Etra Games/Etra'sStarterAssets/2-Source/Scripts/FPS_Item_Cam_Checks.cs using Guid(0281ce71be5440b40a02e87ee40ba57d) Importer(815301076,1909f56bfc062723c751e8b465ee728b)  -> (artifact id: 'f6c0d16ef33e8c2f0a6b9b12ce9e98fe') in 0.006679 seconds 
========================================================================
Received Import Request.
  Time since last request: 2.505292 seconds.
  path: Assets/Etra Games/Etra'sStarterAssets/2-Source/Scripts/ModelOptionsList.cs
  artifactKey: Guid(8fbb93420a200fa4e9c8af55372ac699) Importer(815301076,1909f56bfc062723c751e8b465ee728b)
Start importing Assets/Etra Games/Etra'sStarterAssets/2-Source/Scripts/ModelOptionsList.cs using Guid(8fbb93420a200fa4e9c8af55372ac699) Importer(815301076,1909f56bfc062723c751e8b465ee728b)  -> (artifact id: '8e9c8b8fd906a28c0d246b17abe2b05e') in 0.006383 seconds 
========================================================================
Received Import Request.
  Time since last request: 2.567906 seconds.
  path: Assets/Etra Games/Etra'sStarterAssets/2-Source/Scripts/ParticleSystemMultiPlayer.cs
  artifactKey: Guid(5f0c2f84ab9edcda8b58ac10042463eb) Importer(815301076,1909f56bfc062723c751e8b465ee728b)
Start importing Assets/Etra Games/Etra'sStarterAssets/2-Source/Scripts/ParticleSystemMultiPlayer.cs using Guid(5f0c2f84ab9edcda8b58ac10042463eb) Importer(815301076,1909f56bfc062723c751e8b465ee728b)  -> (artifact id: '2fc8eea8acc19d7d65037ebdde519120') in 0.007388 seconds 
========================================================================
Received Import Request.
  Time since last request: 1.562429 seconds.
  path: Assets/Etra Games/Etra'sStarterAssets/2-Source/Scripts/VoxelAnimator.cs
  artifactKey: Guid(942649878cc0eae4bba00a71a56bb183) Importer(815301076,1909f56bfc062723c751e8b465ee728b)
Start importing Assets/Etra Games/Etra'sStarterAssets/2-Source/Scripts/VoxelAnimator.cs using Guid(942649878cc0eae4bba00a71a56bb183) Importer(815301076,1909f56bfc062723c751e8b465ee728b)  -> (artifact id: '1bd6904fd71ca1b2c6ff4e4642964b15') in 0.008198 seconds 
========================================================================
Received Import Request.
  Time since last request: 7.385658 seconds.
  path: Assets/Etra Games/Etra'sStarterAssets/2-Source/Scripts/CameraScripts
  artifactKey: Guid(0479168fab5482a4792c30d399d9ccaa) Importer(815301076,1909f56bfc062723c751e8b465ee728b)
Start importing Assets/Etra Games/Etra'sStarterAssets/2-Source/Scripts/CameraScripts using Guid(0479168fab5482a4792c30d399d9ccaa) Importer(815301076,1909f56bfc062723c751e8b465ee728b)  -> (artifact id: '76f1afeb461284e09be36685135c0985') in 0.006390 seconds 
========================================================================
Received Import Request.
  Time since last request: 0.646971 seconds.
  path: Assets/Etra Games/Etra'sStarterAssets/2-Source/Scripts/GunScripts
  artifactKey: Guid(15417fb4c890d9f439069adae25290a9) Importer(815301076,1909f56bfc062723c751e8b465ee728b)
Start importing Assets/Etra Games/Etra'sStarterAssets/2-Source/Scripts/GunScripts using Guid(15417fb4c890d9f439069adae25290a9) Importer(815301076,1909f56bfc062723c751e8b465ee728b)  -> (artifact id: '5d3c94d1bbcf8b7626811d30a0992798') in 0.007219 seconds 
========================================================================
Received Import Request.
  Time since last request: 0.397148 seconds.
  path: Assets/Etra Games/Etra'sStarterAssets/2-Source/Scripts/Interactionizer
  artifactKey: Guid(443693d979fadcfd0bc3e7373ae92ae9) Importer(815301076,1909f56bfc062723c751e8b465ee728b)
Start importing Assets/Etra Games/Etra'sStarterAssets/2-Source/Scripts/Interactionizer using Guid(443693d979fadcfd0bc3e7373ae92ae9) Importer(815301076,1909f56bfc062723c751e8b465ee728b)  -> (artifact id: 'a2890817a0983a4d900ff5324f375a95') in 0.008240 seconds 
